2026-06-25T00:15:50.662Z - info: [ui] [AppStore] loading 0 repositories from store
2026-06-25T00:15:50.676Z - info: [ui] Opt in reported.
2026-06-25T00:15:50.848Z - info: [ui] [Welcome] no sign in step found. ignoring...
2026-06-25T00:15:50.945Z - info: [ui] [Welcome] no sign in step found. ignoring...
2026-06-25T00:15:50.951Z - info: [ui] launching: 3.4.13-linux1 (Linux 7.0.0-22-generic)
2026-06-25T00:15:50.953Z - info: [ui] execPath: '/usr/lib/github-desktop/github-desktop'
2026-06-25T00:15:52.097Z - info: [ui] [Welcome] no sign in step found. ignoring...
2026-06-25T00:15:54.504Z - info: [ui] [Welcome] advancing to step: SignInToDotComWithBrowser
2026-06-25T00:15:54.506Z - info: [ui] [SignInStore] initializing OAuth flow
2026-06-25T00:15:54.524Z - info: [main] opening in browser: https://github.com/login/oauth/authorize?client_id=3a723b10ac5575cc5bb9&scope=repo%20user%20workflow&state=00f96dec-05c4-42bb-a08c-0e343846cced
2026-06-25T00:15:54.527Z - info: [ui] [Welcome] current sign in state not found. ignoring...
2026-06-25T00:15:59.494Z - info: [ui] [Welcome] kind Authentication is the same as Authentication. ignoring...
2026-06-25T00:17:04.934Z - info: [main] Received possible protocol arguments: 4
2026-06-25T00:17:04.936Z - info: [main] Processing protocol url
2026-06-25T00:17:05.541Z - info: [ui] [Welcome] kind Authentication is the same as Authentication. ignoring...
2026-06-25T00:17:05.717Z - info: [ui] [SignInStore] account resolved
2026-06-25T00:17:05.719Z - info: [ui] [AppStore] adding account tommyfenske (tommyfenske) to store
2026-06-25T00:17:06.536Z - info: [ui] [Welcome] advancing to step: ConfigureGit
2026-06-25T00:17:06.860Z - info: [ui] [Welcome] no sign in step found. ignoring...
2026-06-25T00:17:06.871Z - info: [ui] Subscribed 'tommyfenske' to Alive channel
2026-06-25T00:17:07.262Z - info: [ui] [Welcome] no sign in step found. ignoring...
2026-06-25T00:17:07.759Z - info: [ui] [Welcome] no sign in step found. ignoring...
2026-06-25T00:17:09.762Z - info: [ui] [Welcome] no sign in step found. ignoring...
2026-06-25T00:17:09.849Z - info: [ui] [Welcome] no sign in step found. ignoring...
2026-06-25T00:19:15.659Z - info: [ui] credential-helper: found GitHub credential for https://github.com/ in store
2026-06-25T00:19:16.397Z - info: [ui] Executing clone: git -c init.defaultBranch=main clone --recursive --progress -- https://github.com/tommyfenske/tommy-os.git /home/tommycom/Documents/GitHub/tommy-os (took 1.090s)
2026-06-25T00:19:16.514Z - info: [ui] [AppStore] adding repository at /home/tommycom/Documents/GitHub/tommy-os to store
2026-06-25T00:19:18.842Z - info: [ui] [BranchPruner] No branches to prune.
